INFO:root:InstrumentHandler.load_instruments basepath /home/hecanjog/code/pippi/bin
INFO:root:InstrumentHandler.load_instruments path /home/hecanjog/code/pippi/bin/ui.py
INFO:root:InstrumentHandler.add_instrument ui
INFO:root:InstrumentHandler.load_instruments basepath /home/hecanjog/code/pippi/bin
INFO:root:InstrumentHandler.load_instruments path /home/hecanjog/code/pippi/bin/ui.py
INFO:root:InstrumentHandler.add_instrument ui
INFO:root:InstrumentHandler.load_instruments path /home/hecanjog/code/pippi/bin/poops.py
INFO:root:InstrumentHandler.add_instrument poops
INFO:root:No instrument named poops found
INFO:root:InstrumentHandler.load_instruments path /home/hecanjog/code/pippi/bin/ui2.py
INFO:root:InstrumentHandler.add_instrument ui2
INFO:root:InstrumentHandler.load_instruments basepath /home/hecanjog/code/pippi/bin
INFO:root:InstrumentHandler.load_instruments path /home/hecanjog/code/pippi/bin/ui.py
INFO:root:InstrumentHandler.add_instrument ui
INFO:root:InstrumentHandler.load_instruments basepath /home/hecanjog/code/pippi/bin
INFO:root:InstrumentHandler.load_instruments path /home/hecanjog/code/pippi/bin/ui.py
INFO:root:InstrumentHandler.add_instrument ui
INFO:root:InstrumentHandler.load_instruments path /home/hecanjog/code/pippi/bin/poops.py
INFO:root:InstrumentHandler.add_instrument poops
INFO:root:No instrument named poops found
INFO:root:InstrumentHandler.load_instruments path /home/hecanjog/code/pippi/bin/ui2.py
INFO:root:InstrumentHandler.add_instrument ui2
